2019-07-20 00:09:56.263  INFO 18024 --- [restartedMain] c.like.weblog.weblog.WeblogApplication   : Starting WeblogApplication on LAPTOP-5F72NK7U with PID 18024 (D:\Develop\ideaProjects\weblog\target\classes started by like in D:\Develop\ideaProjects\weblog)
2019-07-20 00:09:56.271  INFO 18024 --- [restartedMain] c.like.weblog.weblog.WeblogApplication   : No active profile set, falling back to default profiles: default
2019-07-20 00:09:56.427  INFO 18024 --- [restartedMain] .e.DevToolsPropertyDefaultsPostProcessor : Devtools property defaults active! Set 'spring.devtools.add-properties' to 'false' to disable
2019-07-20 00:09:56.428  INFO 18024 --- [restartedMain] .e.DevToolsPropertyDefaultsPostProcessor : For additional web related logging consider setting the 'logging.level.web' property to 'DEBUG'
2019-07-20 00:09:56.785  WARN 18024 --- [background-preinit] o.s.h.c.j.Jackson2ObjectMapperBuilder    : For Jackson Kotlin classes support please add "com.fasterxml.jackson.module:jackson-module-kotlin" to the classpath
2019-07-20 00:09:58.333  INFO 18024 --- [restartedMain] o.s.b.w.embedded.tomcat.TomcatWebServer  : Tomcat initialized with port(s): 8080 (http)
2019-07-20 00:09:58.352  INFO 18024 --- [restartedMain] o.apache.catalina.core.StandardService   : Starting service [Tomcat]
2019-07-20 00:09:58.352  INFO 18024 --- [restartedMain] org.apache.catalina.core.StandardEngine  : Starting Servlet engine: [Apache Tomcat/9.0.21]
2019-07-20 00:09:58.461  INFO 18024 --- [restartedMain] o.a.c.c.C.[Tomcat].[localhost].[/]       : Initializing Spring embedded WebApplicationContext
2019-07-20 00:09:58.461  INFO 18024 --- [restartedMain] o.s.web.context.ContextLoader            : Root WebApplicationContext: initialization completed in 2032 ms
2019-07-20 00:09:59.041  INFO 18024 --- [restartedMain] o.s.s.concurrent.ThreadPoolTaskExecutor  : Initializing ExecutorService 'applicationTaskExecutor'
2019-07-20 00:09:59.172  INFO 18024 --- [restartedMain] o.s.b.a.w.s.WelcomePageHandlerMapping    : Adding welcome page template: index
2019-07-20 00:09:59.394  INFO 18024 --- [restartedMain] o.s.b.d.a.OptionalLiveReloadServer       : LiveReload server is running on port 35729
2019-07-20 00:09:59.436  INFO 18024 --- [restartedMain] o.s.b.w.embedded.tomcat.TomcatWebServer  : Tomcat started on port(s): 8080 (http) with context path ''
2019-07-20 00:09:59.438  INFO 18024 --- [restartedMain] c.like.weblog.weblog.WeblogApplication   : Started WeblogApplication in 3.724 seconds (JVM running for 4.973)
2019-07-20 00:10:45.235  INFO 18024 --- [http-nio-8080-exec-1] o.a.c.c.C.[Tomcat].[localhost].[/]       : Initializing Spring DispatcherServlet 'dispatcherServlet'
2019-07-20 00:10:45.236  INFO 18024 --- [http-nio-8080-exec-1] o.s.web.servlet.DispatcherServlet        : Initializing Servlet 'dispatcherServlet'
2019-07-20 00:10:45.246  INFO 18024 --- [http-nio-8080-exec-1] o.s.web.servlet.DispatcherServlet        : Completed initialization in 10 ms
2019-07-20 00:10:45.296  INFO 18024 --- [http-nio-8080-exec-1] com.zaxxer.hikari.HikariDataSource       : HikariPool-1 - Starting...
2019-07-20 00:10:46.001  INFO 18024 --- [http-nio-8080-exec-1] com.zaxxer.hikari.HikariDataSource       : HikariPool-1 - Start completed.
2019-07-20 00:10:46.008 DEBUG 18024 --- [http-nio-8080-exec-1] c.l.w.w.map.QuestionMap.findAllQuestion  : ==>  Preparing: SELECT * FROM question ORDER BY gmt_create DESC LIMIT ?,? 
2019-07-20 00:10:46.029 DEBUG 18024 --- [http-nio-8080-exec-1] c.l.w.w.map.QuestionMap.findAllQuestion  : ==> Parameters: 0(Integer), 7(Integer)
2019-07-20 00:10:46.057 DEBUG 18024 --- [http-nio-8080-exec-1] c.l.w.w.map.QuestionMap.findAllQuestion  : <==      Total: 6
2019-07-20 00:10:46.061 DEBUG 18024 --- [http-nio-8080-exec-1] c.l.w.weblog.map.UserMapper.getUserById  : ==>  Preparing: SELECT * FROM user WHERE acount_id = ? 
2019-07-20 00:10:46.061 DEBUG 18024 --- [http-nio-8080-exec-1] c.l.w.weblog.map.UserMapper.getUserById  : ==> Parameters: 53042534(Long)
2019-07-20 00:10:46.063 DEBUG 18024 --- [http-nio-8080-exec-1] c.l.w.weblog.map.UserMapper.getUserById  : <==      Total: 1
2019-07-20 00:10:46.064 DEBUG 18024 --- [http-nio-8080-exec-1] c.l.w.weblog.map.UserMapper.getUserById  : ==>  Preparing: SELECT * FROM user WHERE acount_id = ? 
2019-07-20 00:10:46.064 DEBUG 18024 --- [http-nio-8080-exec-1] c.l.w.weblog.map.UserMapper.getUserById  : ==> Parameters: 42763875(Long)
2019-07-20 00:10:46.065 DEBUG 18024 --- [http-nio-8080-exec-1] c.l.w.weblog.map.UserMapper.getUserById  : <==      Total: 1
2019-07-20 00:10:46.066 DEBUG 18024 --- [http-nio-8080-exec-1] c.l.w.weblog.map.UserMapper.getUserById  : ==>  Preparing: SELECT * FROM user WHERE acount_id = ? 
2019-07-20 00:10:46.066 DEBUG 18024 --- [http-nio-8080-exec-1] c.l.w.weblog.map.UserMapper.getUserById  : ==> Parameters: 42763875(Long)
2019-07-20 00:10:46.067 DEBUG 18024 --- [http-nio-8080-exec-1] c.l.w.weblog.map.UserMapper.getUserById  : <==      Total: 1
2019-07-20 00:10:46.067 DEBUG 18024 --- [http-nio-8080-exec-1] c.l.w.weblog.map.UserMapper.getUserById  : ==>  Preparing: SELECT * FROM user WHERE acount_id = ? 
2019-07-20 00:10:46.068 DEBUG 18024 --- [http-nio-8080-exec-1] c.l.w.weblog.map.UserMapper.getUserById  : ==> Parameters: 42763875(Long)
2019-07-20 00:10:46.069 DEBUG 18024 --- [http-nio-8080-exec-1] c.l.w.weblog.map.UserMapper.getUserById  : <==      Total: 1
2019-07-20 00:10:46.069 DEBUG 18024 --- [http-nio-8080-exec-1] c.l.w.weblog.map.UserMapper.getUserById  : ==>  Preparing: SELECT * FROM user WHERE acount_id = ? 
2019-07-20 00:10:46.069 DEBUG 18024 --- [http-nio-8080-exec-1] c.l.w.weblog.map.UserMapper.getUserById  : ==> Parameters: 42763875(Long)
2019-07-20 00:10:46.071 DEBUG 18024 --- [http-nio-8080-exec-1] c.l.w.weblog.map.UserMapper.getUserById  : <==      Total: 1
2019-07-20 00:10:46.071 DEBUG 18024 --- [http-nio-8080-exec-1] c.l.w.weblog.map.UserMapper.getUserById  : ==>  Preparing: SELECT * FROM user WHERE acount_id = ? 
2019-07-20 00:10:46.071 DEBUG 18024 --- [http-nio-8080-exec-1] c.l.w.weblog.map.UserMapper.getUserById  : ==> Parameters: 42763875(Long)
2019-07-20 00:10:46.072 DEBUG 18024 --- [http-nio-8080-exec-1] c.l.w.weblog.map.UserMapper.getUserById  : <==      Total: 1
2019-07-20 00:10:46.073 DEBUG 18024 --- [http-nio-8080-exec-1] c.l.weblog.weblog.map.QuestionMap.count  : ==>  Preparing: select count(*) from question 
2019-07-20 00:10:46.073 DEBUG 18024 --- [http-nio-8080-exec-1] c.l.weblog.weblog.map.QuestionMap.count  : ==> Parameters: 
2019-07-20 00:10:46.080 DEBUG 18024 --- [http-nio-8080-exec-1] c.l.weblog.weblog.map.QuestionMap.count  : <==      Total: 1
2019-07-20 00:11:11.412  INFO 7784 --- [restartedMain] c.like.weblog.weblog.WeblogApplication   : Starting WeblogApplication on LAPTOP-5F72NK7U with PID 7784 (D:\Develop\ideaProjects\weblog\target\classes started by like in D:\Develop\ideaProjects\weblog)
2019-07-20 00:11:11.414  INFO 7784 --- [restartedMain] c.like.weblog.weblog.WeblogApplication   : No active profile set, falling back to default profiles: default
2019-07-20 00:11:11.460  INFO 7784 --- [restartedMain] .e.DevToolsPropertyDefaultsPostProcessor : Devtools property defaults active! Set 'spring.devtools.add-properties' to 'false' to disable
2019-07-20 00:11:11.460  INFO 7784 --- [restartedMain] .e.DevToolsPropertyDefaultsPostProcessor : For additional web related logging consider setting the 'logging.level.web' property to 'DEBUG'
2019-07-20 00:11:11.565  WARN 7784 --- [background-preinit] o.s.h.c.j.Jackson2ObjectMapperBuilder    : For Jackson Kotlin classes support please add "com.fasterxml.jackson.module:jackson-module-kotlin" to the classpath
2019-07-20 00:11:12.609  INFO 7784 --- [restartedMain] o.s.b.w.embedded.tomcat.TomcatWebServer  : Tomcat initialized with port(s): 8080 (http)
2019-07-20 00:11:12.627  INFO 7784 --- [restartedMain] o.apache.catalina.core.StandardService   : Starting service [Tomcat]
2019-07-20 00:11:12.628  INFO 7784 --- [restartedMain] org.apache.catalina.core.StandardEngine  : Starting Servlet engine: [Apache Tomcat/9.0.21]
2019-07-20 00:11:12.741  INFO 7784 --- [restartedMain] o.a.c.c.C.[Tomcat].[localhost].[/]       : Initializing Spring embedded WebApplicationContext
2019-07-20 00:11:12.741  INFO 7784 --- [restartedMain] o.s.web.context.ContextLoader            : Root WebApplicationContext: initialization completed in 1281 ms
2019-07-20 00:11:13.301  INFO 7784 --- [restartedMain] o.s.s.concurrent.ThreadPoolTaskExecutor  : Initializing ExecutorService 'applicationTaskExecutor'
2019-07-20 00:11:13.403  INFO 7784 --- [restartedMain] o.s.b.a.w.s.WelcomePageHandlerMapping    : Adding welcome page template: index
2019-07-20 00:11:13.580  INFO 7784 --- [restartedMain] o.s.b.d.a.OptionalLiveReloadServer       : LiveReload server is running on port 35729
2019-07-20 00:11:13.634  INFO 7784 --- [restartedMain] o.s.b.w.embedded.tomcat.TomcatWebServer  : Tomcat started on port(s): 8080 (http) with context path ''
2019-07-20 00:11:13.637  INFO 7784 --- [restartedMain] c.like.weblog.weblog.WeblogApplication   : Started WeblogApplication in 2.564 seconds (JVM running for 4.277)
2019-07-20 00:11:50.084  INFO 7784 --- [http-nio-8080-exec-2] o.a.c.c.C.[Tomcat].[localhost].[/]       : Initializing Spring DispatcherServlet 'dispatcherServlet'
2019-07-20 00:11:50.084  INFO 7784 --- [http-nio-8080-exec-2] o.s.web.servlet.DispatcherServlet        : Initializing Servlet 'dispatcherServlet'
2019-07-20 00:11:50.092  INFO 7784 --- [http-nio-8080-exec-2] o.s.web.servlet.DispatcherServlet        : Completed initialization in 8 ms
2019-07-20 00:12:14.159  INFO 7784 --- [http-nio-8080-exec-2] com.zaxxer.hikari.HikariDataSource       : HikariPool-1 - Starting...
2019-07-20 00:12:14.602  INFO 7784 --- [http-nio-8080-exec-2] com.zaxxer.hikari.HikariDataSource       : HikariPool-1 - Start completed.
2019-07-20 00:12:14.608 DEBUG 7784 --- [http-nio-8080-exec-2] c.l.w.w.map.QuestionMap.findAllQuestion  : ==>  Preparing: SELECT * FROM question ORDER BY gmt_create DESC LIMIT ?,? 
2019-07-20 00:12:14.627 DEBUG 7784 --- [http-nio-8080-exec-2] c.l.w.w.map.QuestionMap.findAllQuestion  : ==> Parameters: 0(Integer), 7(Integer)
2019-07-20 00:12:14.652 DEBUG 7784 --- [http-nio-8080-exec-2] c.l.w.w.map.QuestionMap.findAllQuestion  : <==      Total: 6
2019-07-20 00:12:14.656 DEBUG 7784 --- [http-nio-8080-exec-2] c.l.w.weblog.map.UserMapper.getUserById  : ==>  Preparing: SELECT * FROM user WHERE acount_id = ? 
2019-07-20 00:12:14.656 DEBUG 7784 --- [http-nio-8080-exec-2] c.l.w.weblog.map.UserMapper.getUserById  : ==> Parameters: 53042534(Long)
2019-07-20 00:12:14.658 DEBUG 7784 --- [http-nio-8080-exec-2] c.l.w.weblog.map.UserMapper.getUserById  : <==      Total: 1
2019-07-20 00:12:14.658 DEBUG 7784 --- [http-nio-8080-exec-2] c.l.w.weblog.map.UserMapper.getUserById  : ==>  Preparing: SELECT * FROM user WHERE acount_id = ? 
2019-07-20 00:12:14.658 DEBUG 7784 --- [http-nio-8080-exec-2] c.l.w.weblog.map.UserMapper.getUserById  : ==> Parameters: 42763875(Long)
2019-07-20 00:12:14.660 DEBUG 7784 --- [http-nio-8080-exec-2] c.l.w.weblog.map.UserMapper.getUserById  : <==      Total: 1
2019-07-20 00:12:14.660 DEBUG 7784 --- [http-nio-8080-exec-2] c.l.w.weblog.map.UserMapper.getUserById  : ==>  Preparing: SELECT * FROM user WHERE acount_id = ? 
2019-07-20 00:12:14.660 DEBUG 7784 --- [http-nio-8080-exec-2] c.l.w.weblog.map.UserMapper.getUserById  : ==> Parameters: 42763875(Long)
2019-07-20 00:12:14.661 DEBUG 7784 --- [http-nio-8080-exec-2] c.l.w.weblog.map.UserMapper.getUserById  : <==      Total: 1
2019-07-20 00:12:14.661 DEBUG 7784 --- [http-nio-8080-exec-2] c.l.w.weblog.map.UserMapper.getUserById  : ==>  Preparing: SELECT * FROM user WHERE acount_id = ? 
2019-07-20 00:12:14.662 DEBUG 7784 --- [http-nio-8080-exec-2] c.l.w.weblog.map.UserMapper.getUserById  : ==> Parameters: 42763875(Long)
2019-07-20 00:12:14.663 DEBUG 7784 --- [http-nio-8080-exec-2] c.l.w.weblog.map.UserMapper.getUserById  : <==      Total: 1
2019-07-20 00:12:14.663 DEBUG 7784 --- [http-nio-8080-exec-2] c.l.w.weblog.map.UserMapper.getUserById  : ==>  Preparing: SELECT * FROM user WHERE acount_id = ? 
2019-07-20 00:12:14.663 DEBUG 7784 --- [http-nio-8080-exec-2] c.l.w.weblog.map.UserMapper.getUserById  : ==> Parameters: 42763875(Long)
2019-07-20 00:12:14.664 DEBUG 7784 --- [http-nio-8080-exec-2] c.l.w.weblog.map.UserMapper.getUserById  : <==      Total: 1
2019-07-20 00:12:14.665 DEBUG 7784 --- [http-nio-8080-exec-2] c.l.w.weblog.map.UserMapper.getUserById  : ==>  Preparing: SELECT * FROM user WHERE acount_id = ? 
2019-07-20 00:12:14.665 DEBUG 7784 --- [http-nio-8080-exec-2] c.l.w.weblog.map.UserMapper.getUserById  : ==> Parameters: 42763875(Long)
2019-07-20 00:12:14.666 DEBUG 7784 --- [http-nio-8080-exec-2] c.l.w.weblog.map.UserMapper.getUserById  : <==      Total: 1
2019-07-20 00:12:14.667 DEBUG 7784 --- [http-nio-8080-exec-2] c.l.weblog.weblog.map.QuestionMap.count  : ==>  Preparing: select count(*) from question 
2019-07-20 00:12:14.667 DEBUG 7784 --- [http-nio-8080-exec-2] c.l.weblog.weblog.map.QuestionMap.count  : ==> Parameters: 
2019-07-20 00:12:14.669 DEBUG 7784 --- [http-nio-8080-exec-2] c.l.weblog.weblog.map.QuestionMap.count  : <==      Total: 1
2019-07-20 00:12:22.397 DEBUG 7784 --- [http-nio-8080-exec-2] c.l.w.w.map.QuestionMap.findAllQuestion  : ==>  Preparing: SELECT * FROM question ORDER BY gmt_create DESC LIMIT ?,? 
2019-07-20 00:12:22.397 DEBUG 7784 --- [http-nio-8080-exec-2] c.l.w.w.map.QuestionMap.findAllQuestion  : ==> Parameters: 0(Integer), 7(Integer)
2019-07-20 00:12:22.403 DEBUG 7784 --- [http-nio-8080-exec-2] c.l.w.w.map.QuestionMap.findAllQuestion  : <==      Total: 6
2019-07-20 00:12:22.404 DEBUG 7784 --- [http-nio-8080-exec-2] c.l.w.weblog.map.UserMapper.getUserById  : ==>  Preparing: SELECT * FROM user WHERE acount_id = ? 
2019-07-20 00:12:22.405 DEBUG 7784 --- [http-nio-8080-exec-2] c.l.w.weblog.map.UserMapper.getUserById  : ==> Parameters: 53042534(Long)
2019-07-20 00:12:22.409 DEBUG 7784 --- [http-nio-8080-exec-2] c.l.w.weblog.map.UserMapper.getUserById  : <==      Total: 1
2019-07-20 00:12:22.411 DEBUG 7784 --- [http-nio-8080-exec-2] c.l.w.weblog.map.UserMapper.getUserById  : ==>  Preparing: SELECT * FROM user WHERE acount_id = ? 
2019-07-20 00:12:22.412 DEBUG 7784 --- [http-nio-8080-exec-2] c.l.w.weblog.map.UserMapper.getUserById  : ==> Parameters: 42763875(Long)
2019-07-20 00:12:22.415 DEBUG 7784 --- [http-nio-8080-exec-2] c.l.w.weblog.map.UserMapper.getUserById  : <==      Total: 1
2019-07-20 00:12:22.416 DEBUG 7784 --- [http-nio-8080-exec-2] c.l.w.weblog.map.UserMapper.getUserById  : ==>  Preparing: SELECT * FROM user WHERE acount_id = ? 
2019-07-20 00:12:22.417 DEBUG 7784 --- [http-nio-8080-exec-2] c.l.w.weblog.map.UserMapper.getUserById  : ==> Parameters: 42763875(Long)
2019-07-20 00:12:22.419 DEBUG 7784 --- [http-nio-8080-exec-2] c.l.w.weblog.map.UserMapper.getUserById  : <==      Total: 1
2019-07-20 00:12:22.420 DEBUG 7784 --- [http-nio-8080-exec-2] c.l.w.weblog.map.UserMapper.getUserById  : ==>  Preparing: SELECT * FROM user WHERE acount_id = ? 
2019-07-20 00:12:22.420 DEBUG 7784 --- [http-nio-8080-exec-2] c.l.w.weblog.map.UserMapper.getUserById  : ==> Parameters: 42763875(Long)
2019-07-20 00:12:22.422 DEBUG 7784 --- [http-nio-8080-exec-2] c.l.w.weblog.map.UserMapper.getUserById  : <==      Total: 1
2019-07-20 00:12:22.428 DEBUG 7784 --- [http-nio-8080-exec-2] c.l.w.weblog.map.UserMapper.getUserById  : ==>  Preparing: SELECT * FROM user WHERE acount_id = ? 
2019-07-20 00:12:22.429 DEBUG 7784 --- [http-nio-8080-exec-2] c.l.w.weblog.map.UserMapper.getUserById  : ==> Parameters: 42763875(Long)
2019-07-20 00:12:22.431 DEBUG 7784 --- [http-nio-8080-exec-2] c.l.w.weblog.map.UserMapper.getUserById  : <==      Total: 1
2019-07-20 00:12:22.432 DEBUG 7784 --- [http-nio-8080-exec-2] c.l.w.weblog.map.UserMapper.getUserById  : ==>  Preparing: SELECT * FROM user WHERE acount_id = ? 
2019-07-20 00:12:22.433 DEBUG 7784 --- [http-nio-8080-exec-2] c.l.w.weblog.map.UserMapper.getUserById  : ==> Parameters: 42763875(Long)
2019-07-20 00:12:22.435 DEBUG 7784 --- [http-nio-8080-exec-2] c.l.w.weblog.map.UserMapper.getUserById  : <==      Total: 1
2019-07-20 00:12:22.436 DEBUG 7784 --- [http-nio-8080-exec-2] c.l.weblog.weblog.map.QuestionMap.count  : ==>  Preparing: select count(*) from question 
2019-07-20 00:12:22.437 DEBUG 7784 --- [http-nio-8080-exec-2] c.l.weblog.weblog.map.QuestionMap.count  : ==> Parameters: 
2019-07-20 00:12:22.440 DEBUG 7784 --- [http-nio-8080-exec-2] c.l.weblog.weblog.map.QuestionMap.count  : <==      Total: 1
2019-07-20 00:32:04.890 DEBUG 7784 --- [http-nio-8080-exec-7] c.l.w.w.map.QuestionMap.findAllQuestion  : ==>  Preparing: SELECT * FROM question ORDER BY gmt_create DESC LIMIT ?,? 
2019-07-20 00:32:04.890 DEBUG 7784 --- [http-nio-8080-exec-7] c.l.w.w.map.QuestionMap.findAllQuestion  : ==> Parameters: 0(Integer), 7(Integer)
2019-07-20 00:32:04.906 DEBUG 7784 --- [http-nio-8080-exec-7] c.l.w.w.map.QuestionMap.findAllQuestion  : <==      Total: 6
2019-07-20 00:32:04.907 DEBUG 7784 --- [http-nio-8080-exec-7] c.l.w.weblog.map.UserMapper.getUserById  : ==>  Preparing: SELECT * FROM user WHERE acount_id = ? 
2019-07-20 00:32:04.909 DEBUG 7784 --- [http-nio-8080-exec-7] c.l.w.weblog.map.UserMapper.getUserById  : ==> Parameters: 53042534(Long)
2019-07-20 00:32:04.911 DEBUG 7784 --- [http-nio-8080-exec-7] c.l.w.weblog.map.UserMapper.getUserById  : <==      Total: 1
2019-07-20 00:32:04.912 DEBUG 7784 --- [http-nio-8080-exec-7] c.l.w.weblog.map.UserMapper.getUserById  : ==>  Preparing: SELECT * FROM user WHERE acount_id = ? 
2019-07-20 00:32:04.913 DEBUG 7784 --- [http-nio-8080-exec-7] c.l.w.weblog.map.UserMapper.getUserById  : ==> Parameters: 42763875(Long)
2019-07-20 00:32:04.915 DEBUG 7784 --- [http-nio-8080-exec-7] c.l.w.weblog.map.UserMapper.getUserById  : <==      Total: 1
2019-07-20 00:32:04.915 DEBUG 7784 --- [http-nio-8080-exec-7] c.l.w.weblog.map.UserMapper.getUserById  : ==>  Preparing: SELECT * FROM user WHERE acount_id = ? 
2019-07-20 00:32:04.916 DEBUG 7784 --- [http-nio-8080-exec-7] c.l.w.weblog.map.UserMapper.getUserById  : ==> Parameters: 42763875(Long)
2019-07-20 00:32:04.917 DEBUG 7784 --- [http-nio-8080-exec-7] c.l.w.weblog.map.UserMapper.getUserById  : <==      Total: 1
2019-07-20 00:32:04.918 DEBUG 7784 --- [http-nio-8080-exec-7] c.l.w.weblog.map.UserMapper.getUserById  : ==>  Preparing: SELECT * FROM user WHERE acount_id = ? 
2019-07-20 00:32:04.919 DEBUG 7784 --- [http-nio-8080-exec-7] c.l.w.weblog.map.UserMapper.getUserById  : ==> Parameters: 42763875(Long)
2019-07-20 00:32:04.923 DEBUG 7784 --- [http-nio-8080-exec-7] c.l.w.weblog.map.UserMapper.getUserById  : <==      Total: 1
2019-07-20 00:32:04.924 DEBUG 7784 --- [http-nio-8080-exec-7] c.l.w.weblog.map.UserMapper.getUserById  : ==>  Preparing: SELECT * FROM user WHERE acount_id = ? 
2019-07-20 00:32:04.925 DEBUG 7784 --- [http-nio-8080-exec-7] c.l.w.weblog.map.UserMapper.getUserById  : ==> Parameters: 42763875(Long)
2019-07-20 00:32:04.927 DEBUG 7784 --- [http-nio-8080-exec-7] c.l.w.weblog.map.UserMapper.getUserById  : <==      Total: 1
2019-07-20 00:32:04.929 DEBUG 7784 --- [http-nio-8080-exec-7] c.l.w.weblog.map.UserMapper.getUserById  : ==>  Preparing: SELECT * FROM user WHERE acount_id = ? 
2019-07-20 00:32:04.929 DEBUG 7784 --- [http-nio-8080-exec-7] c.l.w.weblog.map.UserMapper.getUserById  : ==> Parameters: 42763875(Long)
2019-07-20 00:32:04.930 DEBUG 7784 --- [http-nio-8080-exec-7] c.l.w.weblog.map.UserMapper.getUserById  : <==      Total: 1
2019-07-20 00:32:04.931 DEBUG 7784 --- [http-nio-8080-exec-7] c.l.weblog.weblog.map.QuestionMap.count  : ==>  Preparing: select count(*) from question 
2019-07-20 00:32:04.932 DEBUG 7784 --- [http-nio-8080-exec-7] c.l.weblog.weblog.map.QuestionMap.count  : ==> Parameters: 
2019-07-20 00:32:04.933 DEBUG 7784 --- [http-nio-8080-exec-7] c.l.weblog.weblog.map.QuestionMap.count  : <==      Total: 1
2019-07-20 00:32:13.357  INFO 7784 --- [Thread-15] o.s.s.concurrent.ThreadPoolTaskExecutor  : Shutting down ExecutorService 'applicationTaskExecutor'
2019-07-20 00:32:13.357  INFO 7784 --- [Thread-15] com.zaxxer.hikari.HikariDataSource       : HikariPool-1 - Shutdown initiated...
2019-07-20 00:32:13.384  INFO 7784 --- [Thread-15] com.zaxxer.hikari.HikariDataSource       : HikariPool-1 - Shutdown completed.
2019-07-20 00:32:17.154  INFO 19148 --- [restartedMain] c.like.weblog.weblog.WeblogApplication   : Starting WeblogApplication on LAPTOP-5F72NK7U with PID 19148 (D:\Develop\ideaProjects\weblog\target\classes started by like in D:\Develop\ideaProjects\weblog)
2019-07-20 00:32:17.156  INFO 19148 --- [restartedMain] c.like.weblog.weblog.WeblogApplication   : No active profile set, falling back to default profiles: default
2019-07-20 00:32:17.226  INFO 19148 --- [restartedMain] .e.DevToolsPropertyDefaultsPostProcessor : Devtools property defaults active! Set 'spring.devtools.add-properties' to 'false' to disable
2019-07-20 00:32:17.226  INFO 19148 --- [restartedMain] .e.DevToolsPropertyDefaultsPostProcessor : For additional web related logging consider setting the 'logging.level.web' property to 'DEBUG'
2019-07-20 00:32:17.422  WARN 19148 --- [background-preinit] o.s.h.c.j.Jackson2ObjectMapperBuilder    : For Jackson Kotlin classes support please add "com.fasterxml.jackson.module:jackson-module-kotlin" to the classpath
2019-07-20 00:32:18.495  INFO 19148 --- [restartedMain] o.s.b.w.embedded.tomcat.TomcatWebServer  : Tomcat initialized with port(s): 8080 (http)
2019-07-20 00:32:18.512  INFO 19148 --- [restartedMain] o.apache.catalina.core.StandardService   : Starting service [Tomcat]
2019-07-20 00:32:18.513  INFO 19148 --- [restartedMain] org.apache.catalina.core.StandardEngine  : Starting Servlet engine: [Apache Tomcat/9.0.21]
2019-07-20 00:32:18.628  INFO 19148 --- [restartedMain] o.a.c.c.C.[Tomcat].[localhost].[/]       : Initializing Spring embedded WebApplicationContext
2019-07-20 00:32:18.628  INFO 19148 --- [restartedMain] o.s.web.context.ContextLoader            : Root WebApplicationContext: initialization completed in 1402 ms
2019-07-20 00:32:19.253  INFO 19148 --- [restartedMain] o.s.s.concurrent.ThreadPoolTaskExecutor  : Initializing ExecutorService 'applicationTaskExecutor'
2019-07-20 00:32:19.446  INFO 19148 --- [restartedMain] o.s.b.a.w.s.WelcomePageHandlerMapping    : Adding welcome page template: index
2019-07-20 00:32:19.681  INFO 19148 --- [restartedMain] o.s.b.d.a.OptionalLiveReloadServer       : LiveReload server is running on port 35729
2019-07-20 00:32:19.729  INFO 19148 --- [restartedMain] o.s.b.w.embedded.tomcat.TomcatWebServer  : Tomcat started on port(s): 8080 (http) with context path ''
2019-07-20 00:32:19.732  INFO 19148 --- [restartedMain] c.like.weblog.weblog.WeblogApplication   : Started WeblogApplication in 3.037 seconds (JVM running for 4.068)
2019-07-20 00:34:38.266  INFO 19148 --- [http-nio-8080-exec-1] o.a.c.c.C.[Tomcat].[localhost].[/]       : Initializing Spring DispatcherServlet 'dispatcherServlet'
2019-07-20 00:34:38.266  INFO 19148 --- [http-nio-8080-exec-1] o.s.web.servlet.DispatcherServlet        : Initializing Servlet 'dispatcherServlet'
2019-07-20 00:34:38.274  INFO 19148 --- [http-nio-8080-exec-1] o.s.web.servlet.DispatcherServlet        : Completed initialization in 8 ms
2019-07-20 00:35:06.222  INFO 19148 --- [http-nio-8080-exec-1] com.zaxxer.hikari.HikariDataSource       : HikariPool-1 - Starting...
2019-07-20 00:35:06.643  INFO 19148 --- [http-nio-8080-exec-1] com.zaxxer.hikari.HikariDataSource       : HikariPool-1 - Start completed.
2019-07-20 00:35:06.648 DEBUG 19148 --- [http-nio-8080-exec-1] c.l.w.w.map.QuestionMap.findAllQuestion  : ==>  Preparing: SELECT * FROM question ORDER BY gmt_create DESC LIMIT ?,? 
2019-07-20 00:35:06.666 DEBUG 19148 --- [http-nio-8080-exec-1] c.l.w.w.map.QuestionMap.findAllQuestion  : ==> Parameters: 0(Integer), 7(Integer)
2019-07-20 00:35:06.687 DEBUG 19148 --- [http-nio-8080-exec-1] c.l.w.w.map.QuestionMap.findAllQuestion  : <==      Total: 6
2019-07-20 00:35:06.692 DEBUG 19148 --- [http-nio-8080-exec-1] c.l.w.weblog.map.UserMapper.getUserById  : ==>  Preparing: SELECT * FROM user WHERE acount_id = ? 
2019-07-20 00:35:06.692 DEBUG 19148 --- [http-nio-8080-exec-1] c.l.w.weblog.map.UserMapper.getUserById  : ==> Parameters: 53042534(Long)
2019-07-20 00:35:06.693 DEBUG 19148 --- [http-nio-8080-exec-1] c.l.w.weblog.map.UserMapper.getUserById  : <==      Total: 1
2019-07-20 00:35:06.694 DEBUG 19148 --- [http-nio-8080-exec-1] c.l.w.weblog.map.UserMapper.getUserById  : ==>  Preparing: SELECT * FROM user WHERE acount_id = ? 
2019-07-20 00:35:06.694 DEBUG 19148 --- [http-nio-8080-exec-1] c.l.w.weblog.map.UserMapper.getUserById  : ==> Parameters: 42763875(Long)
2019-07-20 00:35:06.696 DEBUG 19148 --- [http-nio-8080-exec-1] c.l.w.weblog.map.UserMapper.getUserById  : <==      Total: 1
2019-07-20 00:35:06.696 DEBUG 19148 --- [http-nio-8080-exec-1] c.l.w.weblog.map.UserMapper.getUserById  : ==>  Preparing: SELECT * FROM user WHERE acount_id = ? 
2019-07-20 00:35:06.696 DEBUG 19148 --- [http-nio-8080-exec-1] c.l.w.weblog.map.UserMapper.getUserById  : ==> Parameters: 42763875(Long)
2019-07-20 00:35:06.697 DEBUG 19148 --- [http-nio-8080-exec-1] c.l.w.weblog.map.UserMapper.getUserById  : <==      Total: 1
2019-07-20 00:35:06.698 DEBUG 19148 --- [http-nio-8080-exec-1] c.l.w.weblog.map.UserMapper.getUserById  : ==>  Preparing: SELECT * FROM user WHERE acount_id = ? 
2019-07-20 00:35:06.698 DEBUG 19148 --- [http-nio-8080-exec-1] c.l.w.weblog.map.UserMapper.getUserById  : ==> Parameters: 42763875(Long)
2019-07-20 00:35:06.699 DEBUG 19148 --- [http-nio-8080-exec-1] c.l.w.weblog.map.UserMapper.getUserById  : <==      Total: 1
2019-07-20 00:35:06.700 DEBUG 19148 --- [http-nio-8080-exec-1] c.l.w.weblog.map.UserMapper.getUserById  : ==>  Preparing: SELECT * FROM user WHERE acount_id = ? 
2019-07-20 00:35:06.700 DEBUG 19148 --- [http-nio-8080-exec-1] c.l.w.weblog.map.UserMapper.getUserById  : ==> Parameters: 42763875(Long)
2019-07-20 00:35:06.701 DEBUG 19148 --- [http-nio-8080-exec-1] c.l.w.weblog.map.UserMapper.getUserById  : <==      Total: 1
2019-07-20 00:35:06.702 DEBUG 19148 --- [http-nio-8080-exec-1] c.l.w.weblog.map.UserMapper.getUserById  : ==>  Preparing: SELECT * FROM user WHERE acount_id = ? 
2019-07-20 00:35:06.702 DEBUG 19148 --- [http-nio-8080-exec-1] c.l.w.weblog.map.UserMapper.getUserById  : ==> Parameters: 42763875(Long)
2019-07-20 00:35:06.703 DEBUG 19148 --- [http-nio-8080-exec-1] c.l.w.weblog.map.UserMapper.getUserById  : <==      Total: 1
2019-07-20 00:35:06.704 DEBUG 19148 --- [http-nio-8080-exec-1] c.l.weblog.weblog.map.QuestionMap.count  : ==>  Preparing: select count(*) from question 
2019-07-20 00:35:06.704 DEBUG 19148 --- [http-nio-8080-exec-1] c.l.weblog.weblog.map.QuestionMap.count  : ==> Parameters: 
2019-07-20 00:35:06.707 DEBUG 19148 --- [http-nio-8080-exec-1] c.l.weblog.weblog.map.QuestionMap.count  : <==      Total: 1
2019-07-20 00:37:08.002  WARN 19148 --- [HikariPool-1 housekeeper] com.zaxxer.hikari.pool.HikariPool        : HikariPool-1 - Thread starvation or clock leap detected (housekeeper delta=2m1s257ms265µs562ns).
2019-07-20 00:37:08.144  INFO 19148 --- [Thread-14] o.s.s.concurrent.ThreadPoolTaskExecutor  : Shutting down ExecutorService 'applicationTaskExecutor'
2019-07-20 00:37:08.146  INFO 19148 --- [Thread-14] com.zaxxer.hikari.HikariDataSource       : HikariPool-1 - Shutdown initiated...
2019-07-20 00:37:08.156  INFO 19148 --- [Thread-14] com.zaxxer.hikari.HikariDataSource       : HikariPool-1 - Shutdown completed.
2019-07-20 00:38:40.352  INFO 18568 --- [restartedMain] c.like.weblog.weblog.WeblogApplication   : Starting WeblogApplication on LAPTOP-5F72NK7U with PID 18568 (D:\Develop\ideaProjects\weblog\target\classes started by like in D:\Develop\ideaProjects\weblog)
2019-07-20 00:38:40.355  INFO 18568 --- [restartedMain] c.like.weblog.weblog.WeblogApplication   : No active profile set, falling back to default profiles: default
2019-07-20 00:38:40.433  INFO 18568 --- [restartedMain] .e.DevToolsPropertyDefaultsPostProcessor : Devtools property defaults active! Set 'spring.devtools.add-properties' to 'false' to disable
2019-07-20 00:38:40.434  INFO 18568 --- [restartedMain] .e.DevToolsPropertyDefaultsPostProcessor : For additional web related logging consider setting the 'logging.level.web' property to 'DEBUG'
2019-07-20 00:38:40.556  WARN 18568 --- [background-preinit] o.s.h.c.j.Jackson2ObjectMapperBuilder    : For Jackson Kotlin classes support please add "com.fasterxml.jackson.module:jackson-module-kotlin" to the classpath
2019-07-20 00:38:41.934  INFO 18568 --- [restartedMain] o.s.b.w.embedded.tomcat.TomcatWebServer  : Tomcat initialized with port(s): 8080 (http)
2019-07-20 00:38:41.962  INFO 18568 --- [restartedMain] o.apache.catalina.core.StandardService   : Starting service [Tomcat]
2019-07-20 00:38:41.963  INFO 18568 --- [restartedMain] org.apache.catalina.core.StandardEngine  : Starting Servlet engine: [Apache Tomcat/9.0.21]
2019-07-20 00:38:42.179  INFO 18568 --- [restartedMain] o.a.c.c.C.[Tomcat].[localhost].[/]       : Initializing Spring embedded WebApplicationContext
2019-07-20 00:38:42.180  INFO 18568 --- [restartedMain] o.s.web.context.ContextLoader            : Root WebApplicationContext: initialization completed in 1746 ms
2019-07-20 00:38:42.770  INFO 18568 --- [restartedMain] o.s.s.concurrent.ThreadPoolTaskExecutor  : Initializing ExecutorService 'applicationTaskExecutor'
2019-07-20 00:38:42.919  INFO 18568 --- [restartedMain] o.s.b.a.w.s.WelcomePageHandlerMapping    : Adding welcome page template: index
2019-07-20 00:38:43.137  INFO 18568 --- [restartedMain] o.s.b.d.a.OptionalLiveReloadServer       : LiveReload server is running on port 35729
2019-07-20 00:38:43.185  INFO 18568 --- [restartedMain] o.s.b.w.embedded.tomcat.TomcatWebServer  : Tomcat started on port(s): 8080 (http) with context path ''
2019-07-20 00:38:43.188  INFO 18568 --- [restartedMain] c.like.weblog.weblog.WeblogApplication   : Started WeblogApplication in 3.387 seconds (JVM running for 4.391)
2019-07-20 00:38:43.873  INFO 18568 --- [http-nio-8080-exec-1] o.a.c.c.C.[Tomcat].[localhost].[/]       : Initializing Spring DispatcherServlet 'dispatcherServlet'
2019-07-20 00:38:43.874  INFO 18568 --- [http-nio-8080-exec-1] o.s.web.servlet.DispatcherServlet        : Initializing Servlet 'dispatcherServlet'
2019-07-20 00:38:43.882  INFO 18568 --- [http-nio-8080-exec-1] o.s.web.servlet.DispatcherServlet        : Completed initialization in 8 ms
2019-07-20 00:42:05.096  INFO 18568 --- [http-nio-8080-exec-1] com.zaxxer.hikari.HikariDataSource       : HikariPool-1 - Starting...
2019-07-20 00:42:05.115  INFO 18568 --- [Thread-15] o.s.s.concurrent.ThreadPoolTaskExecutor  : Shutting down ExecutorService 'applicationTaskExecutor'
2019-07-20 00:42:05.679  INFO 18568 --- [http-nio-8080-exec-1] com.zaxxer.hikari.HikariDataSource       : HikariPool-1 - Start completed.
2019-07-20 00:42:05.686 DEBUG 18568 --- [http-nio-8080-exec-1] c.l.w.w.map.QuestionMap.findAllQuestion  : ==>  Preparing: SELECT * FROM question ORDER BY gmt_create DESC LIMIT ?,? 
2019-07-20 00:42:05.707 DEBUG 18568 --- [http-nio-8080-exec-1] c.l.w.w.map.QuestionMap.findAllQuestion  : ==> Parameters: 0(Integer), 7(Integer)
2019-07-20 00:42:05.730 DEBUG 18568 --- [http-nio-8080-exec-1] c.l.w.w.map.QuestionMap.findAllQuestion  : <==      Total: 6
2019-07-20 00:42:10.005  INFO 2596 --- [restartedMain] c.like.weblog.weblog.WeblogApplication   : Starting WeblogApplication on LAPTOP-5F72NK7U with PID 2596 (D:\Develop\ideaProjects\weblog\target\classes started by like in D:\Develop\ideaProjects\weblog)
2019-07-20 00:42:10.007  INFO 2596 --- [restartedMain] c.like.weblog.weblog.WeblogApplication   : No active profile set, falling back to default profiles: default
2019-07-20 00:42:10.107  INFO 2596 --- [restartedMain] .e.DevToolsPropertyDefaultsPostProcessor : Devtools property defaults active! Set 'spring.devtools.add-properties' to 'false' to disable
2019-07-20 00:42:10.107  INFO 2596 --- [restartedMain] .e.DevToolsPropertyDefaultsPostProcessor : For additional web related logging consider setting the 'logging.level.web' property to 'DEBUG'
2019-07-20 00:42:10.384  WARN 2596 --- [background-preinit] o.s.h.c.j.Jackson2ObjectMapperBuilder    : For Jackson Kotlin classes support please add "com.fasterxml.jackson.module:jackson-module-kotlin" to the classpath
2019-07-20 00:42:11.581  INFO 2596 --- [restartedMain] o.s.b.w.embedded.tomcat.TomcatWebServer  : Tomcat initialized with port(s): 8080 (http)
2019-07-20 00:42:11.599  INFO 2596 --- [restartedMain] o.apache.catalina.core.StandardService   : Starting service [Tomcat]
2019-07-20 00:42:11.599  INFO 2596 --- [restartedMain] org.apache.catalina.core.StandardEngine  : Starting Servlet engine: [Apache Tomcat/9.0.21]
2019-07-20 00:42:11.730  INFO 2596 --- [restartedMain] o.a.c.c.C.[Tomcat].[localhost].[/]       : Initializing Spring embedded WebApplicationContext
2019-07-20 00:42:11.730  INFO 2596 --- [restartedMain] o.s.web.context.ContextLoader            : Root WebApplicationContext: initialization completed in 1623 ms
2019-07-20 00:42:12.250  INFO 2596 --- [restartedMain] o.s.s.concurrent.ThreadPoolTaskExecutor  : Initializing ExecutorService 'applicationTaskExecutor'
2019-07-20 00:42:12.356  INFO 2596 --- [restartedMain] o.s.b.a.w.s.WelcomePageHandlerMapping    : Adding welcome page template: index
2019-07-20 00:42:12.524  INFO 2596 --- [restartedMain] o.s.b.d.a.OptionalLiveReloadServer       : LiveReload server is running on port 35729
2019-07-20 00:42:12.567  INFO 2596 --- [restartedMain] o.s.b.w.embedded.tomcat.TomcatWebServer  : Tomcat started on port(s): 8080 (http) with context path ''
2019-07-20 00:42:12.570  INFO 2596 --- [restartedMain] c.like.weblog.weblog.WeblogApplication   : Started WeblogApplication in 3.067 seconds (JVM running for 4.025)
2019-07-20 00:42:16.006  INFO 2596 --- [http-nio-8080-exec-1] o.a.c.c.C.[Tomcat].[localhost].[/]       : Initializing Spring DispatcherServlet 'dispatcherServlet'
2019-07-20 00:42:16.006  INFO 2596 --- [http-nio-8080-exec-1] o.s.web.servlet.DispatcherServlet        : Initializing Servlet 'dispatcherServlet'
2019-07-20 00:42:16.013  INFO 2596 --- [http-nio-8080-exec-1] o.s.web.servlet.DispatcherServlet        : Completed initialization in 7 ms
2019-07-20 00:42:34.134  INFO 2596 --- [http-nio-8080-exec-1] com.zaxxer.hikari.HikariDataSource       : HikariPool-1 - Starting...
2019-07-20 00:42:34.572  INFO 2596 --- [http-nio-8080-exec-1] com.zaxxer.hikari.HikariDataSource       : HikariPool-1 - Start completed.
2019-07-20 00:42:34.578 DEBUG 2596 --- [http-nio-8080-exec-1] c.l.w.w.map.QuestionMap.findAllQuestion  : ==>  Preparing: SELECT * FROM question ORDER BY gmt_create DESC LIMIT ?,? 
2019-07-20 00:42:34.601 DEBUG 2596 --- [http-nio-8080-exec-1] c.l.w.w.map.QuestionMap.findAllQuestion  : ==> Parameters: 0(Integer), 7(Integer)
2019-07-20 00:42:34.625 DEBUG 2596 --- [http-nio-8080-exec-1] c.l.w.w.map.QuestionMap.findAllQuestion  : <==      Total: 6
2019-07-20 00:42:34.629 DEBUG 2596 --- [http-nio-8080-exec-1] c.l.w.weblog.map.UserMapper.getUserById  : ==>  Preparing: SELECT * FROM user WHERE acount_id = ? 
2019-07-20 00:42:34.629 DEBUG 2596 --- [http-nio-8080-exec-1] c.l.w.weblog.map.UserMapper.getUserById  : ==> Parameters: 53042534(Long)
2019-07-20 00:42:34.630 DEBUG 2596 --- [http-nio-8080-exec-1] c.l.w.weblog.map.UserMapper.getUserById  : <==      Total: 1
2019-07-20 00:42:34.631 DEBUG 2596 --- [http-nio-8080-exec-1] c.l.w.weblog.map.UserMapper.getUserById  : ==>  Preparing: SELECT * FROM user WHERE acount_id = ? 
2019-07-20 00:42:34.631 DEBUG 2596 --- [http-nio-8080-exec-1] c.l.w.weblog.map.UserMapper.getUserById  : ==> Parameters: 42763875(Long)
2019-07-20 00:42:34.633 DEBUG 2596 --- [http-nio-8080-exec-1] c.l.w.weblog.map.UserMapper.getUserById  : <==      Total: 1
2019-07-20 00:42:34.633 DEBUG 2596 --- [http-nio-8080-exec-1] c.l.w.weblog.map.UserMapper.getUserById  : ==>  Preparing: SELECT * FROM user WHERE acount_id = ? 
2019-07-20 00:42:34.633 DEBUG 2596 --- [http-nio-8080-exec-1] c.l.w.weblog.map.UserMapper.getUserById  : ==> Parameters: 42763875(Long)
2019-07-20 00:42:34.634 DEBUG 2596 --- [http-nio-8080-exec-1] c.l.w.weblog.map.UserMapper.getUserById  : <==      Total: 1
2019-07-20 00:42:34.635 DEBUG 2596 --- [http-nio-8080-exec-1] c.l.w.weblog.map.UserMapper.getUserById  : ==>  Preparing: SELECT * FROM user WHERE acount_id = ? 
2019-07-20 00:42:34.635 DEBUG 2596 --- [http-nio-8080-exec-1] c.l.w.weblog.map.UserMapper.getUserById  : ==> Parameters: 42763875(Long)
2019-07-20 00:42:34.636 DEBUG 2596 --- [http-nio-8080-exec-1] c.l.w.weblog.map.UserMapper.getUserById  : <==      Total: 1
2019-07-20 00:42:34.637 DEBUG 2596 --- [http-nio-8080-exec-1] c.l.w.weblog.map.UserMapper.getUserById  : ==>  Preparing: SELECT * FROM user WHERE acount_id = ? 
2019-07-20 00:42:34.637 DEBUG 2596 --- [http-nio-8080-exec-1] c.l.w.weblog.map.UserMapper.getUserById  : ==> Parameters: 42763875(Long)
2019-07-20 00:42:34.638 DEBUG 2596 --- [http-nio-8080-exec-1] c.l.w.weblog.map.UserMapper.getUserById  : <==      Total: 1
2019-07-20 00:42:34.639 DEBUG 2596 --- [http-nio-8080-exec-1] c.l.w.weblog.map.UserMapper.getUserById  : ==>  Preparing: SELECT * FROM user WHERE acount_id = ? 
2019-07-20 00:42:34.639 DEBUG 2596 --- [http-nio-8080-exec-1] c.l.w.weblog.map.UserMapper.getUserById  : ==> Parameters: 42763875(Long)
2019-07-20 00:42:34.640 DEBUG 2596 --- [http-nio-8080-exec-1] c.l.w.weblog.map.UserMapper.getUserById  : <==      Total: 1
2019-07-20 00:42:34.640 DEBUG 2596 --- [http-nio-8080-exec-1] c.l.weblog.weblog.map.QuestionMap.count  : ==>  Preparing: select count(*) from question 
2019-07-20 00:42:34.640 DEBUG 2596 --- [http-nio-8080-exec-1] c.l.weblog.weblog.map.QuestionMap.count  : ==> Parameters: 
2019-07-20 00:42:34.643 DEBUG 2596 --- [http-nio-8080-exec-1] c.l.weblog.weblog.map.QuestionMap.count  : <==      Total: 1
2019-07-20 00:50:00.235  INFO 2596 --- [Thread-14] o.s.s.concurrent.ThreadPoolTaskExecutor  : Shutting down ExecutorService 'applicationTaskExecutor'
2019-07-20 00:50:00.236  INFO 2596 --- [Thread-14] com.zaxxer.hikari.HikariDataSource       : HikariPool-1 - Shutdown initiated...
2019-07-20 00:50:00.253  INFO 2596 --- [Thread-14] com.zaxxer.hikari.HikariDataSource       : HikariPool-1 - Shutdown completed.
2019-07-20 00:50:04.358  INFO 20292 --- [restartedMain] c.like.weblog.weblog.WeblogApplication   : Starting WeblogApplication on LAPTOP-5F72NK7U with PID 20292 (D:\Develop\ideaProjects\weblog\target\classes started by like in D:\Develop\ideaProjects\weblog)
2019-07-20 00:50:04.360  INFO 20292 --- [restartedMain] c.like.weblog.weblog.WeblogApplication   : No active profile set, falling back to default profiles: default
2019-07-20 00:50:04.431  INFO 20292 --- [restartedMain] .e.DevToolsPropertyDefaultsPostProcessor : Devtools property defaults active! Set 'spring.devtools.add-properties' to 'false' to disable
2019-07-20 00:50:04.432  INFO 20292 --- [restartedMain] .e.DevToolsPropertyDefaultsPostProcessor : For additional web related logging consider setting the 'logging.level.web' property to 'DEBUG'
2019-07-20 00:50:04.558  WARN 20292 --- [background-preinit] o.s.h.c.j.Jackson2ObjectMapperBuilder    : For Jackson Kotlin classes support please add "com.fasterxml.jackson.module:jackson-module-kotlin" to the classpath
2019-07-20 00:50:05.569  INFO 20292 --- [restartedMain] o.s.b.w.embedded.tomcat.TomcatWebServer  : Tomcat initialized with port(s): 8080 (http)
2019-07-20 00:50:05.587  INFO 20292 --- [restartedMain] o.apache.catalina.core.StandardService   : Starting service [Tomcat]
2019-07-20 00:50:05.588  INFO 20292 --- [restartedMain] org.apache.catalina.core.StandardEngine  : Starting Servlet engine: [Apache Tomcat/9.0.21]
2019-07-20 00:50:05.706  INFO 20292 --- [restartedMain] o.a.c.c.C.[Tomcat].[localhost].[/]       : Initializing Spring embedded WebApplicationContext
2019-07-20 00:50:05.706  INFO 20292 --- [restartedMain] o.s.web.context.ContextLoader            : Root WebApplicationContext: initialization completed in 1274 ms
2019-07-20 00:50:06.258  INFO 20292 --- [restartedMain] o.s.s.concurrent.ThreadPoolTaskExecutor  : Initializing ExecutorService 'applicationTaskExecutor'
2019-07-20 00:50:06.370  INFO 20292 --- [restartedMain] o.s.b.a.w.s.WelcomePageHandlerMapping    : Adding welcome page template: index
2019-07-20 00:50:06.595  INFO 20292 --- [restartedMain] o.s.b.d.a.OptionalLiveReloadServer       : LiveReload server is running on port 35729
2019-07-20 00:50:06.693  INFO 20292 --- [restartedMain] o.s.b.w.embedded.tomcat.TomcatWebServer  : Tomcat started on port(s): 8080 (http) with context path ''
2019-07-20 00:50:06.697  INFO 20292 --- [restartedMain] c.like.weblog.weblog.WeblogApplication   : Started WeblogApplication in 2.782 seconds (JVM running for 3.751)
2019-07-20 00:50:09.636  INFO 20292 --- [http-nio-8080-exec-1] o.a.c.c.C.[Tomcat].[localhost].[/]       : Initializing Spring DispatcherServlet 'dispatcherServlet'
2019-07-20 00:50:09.636  INFO 20292 --- [http-nio-8080-exec-1] o.s.web.servlet.DispatcherServlet        : Initializing Servlet 'dispatcherServlet'
2019-07-20 00:50:09.643  INFO 20292 --- [http-nio-8080-exec-1] o.s.web.servlet.DispatcherServlet        : Completed initialization in 7 ms
2019-07-20 00:50:17.468  INFO 20292 --- [http-nio-8080-exec-1] com.zaxxer.hikari.HikariDataSource       : HikariPool-1 - Starting...
2019-07-20 00:50:17.894  INFO 20292 --- [http-nio-8080-exec-1] com.zaxxer.hikari.HikariDataSource       : HikariPool-1 - Start completed.
2019-07-20 00:50:17.899 DEBUG 20292 --- [http-nio-8080-exec-1] c.l.w.w.map.QuestionMap.findAllQuestion  : ==>  Preparing: SELECT * FROM question ORDER BY gmt_create DESC LIMIT ?,? 
2019-07-20 00:50:17.917 DEBUG 20292 --- [http-nio-8080-exec-1] c.l.w.w.map.QuestionMap.findAllQuestion  : ==> Parameters: 0(Integer), 7(Integer)
2019-07-20 00:50:17.940 DEBUG 20292 --- [http-nio-8080-exec-1] c.l.w.w.map.QuestionMap.findAllQuestion  : <==      Total: 6
2019-07-20 00:50:17.943 DEBUG 20292 --- [http-nio-8080-exec-1] c.l.w.weblog.map.UserMapper.getUserById  : ==>  Preparing: SELECT * FROM user WHERE acount_id = ? 
2019-07-20 00:50:17.944 DEBUG 20292 --- [http-nio-8080-exec-1] c.l.w.weblog.map.UserMapper.getUserById  : ==> Parameters: 53042534(Long)
2019-07-20 00:50:17.945 DEBUG 20292 --- [http-nio-8080-exec-1] c.l.w.weblog.map.UserMapper.getUserById  : <==      Total: 1
2019-07-20 00:50:17.946 DEBUG 20292 --- [http-nio-8080-exec-1] c.l.w.weblog.map.UserMapper.getUserById  : ==>  Preparing: SELECT * FROM user WHERE acount_id = ? 
2019-07-20 00:50:17.946 DEBUG 20292 --- [http-nio-8080-exec-1] c.l.w.weblog.map.UserMapper.getUserById  : ==> Parameters: 42763875(Long)
2019-07-20 00:50:17.947 DEBUG 20292 --- [http-nio-8080-exec-1] c.l.w.weblog.map.UserMapper.getUserById  : <==      Total: 1
2019-07-20 00:50:17.948 DEBUG 20292 --- [http-nio-8080-exec-1] c.l.w.weblog.map.UserMapper.getUserById  : ==>  Preparing: SELECT * FROM user WHERE acount_id = ? 
2019-07-20 00:50:17.948 DEBUG 20292 --- [http-nio-8080-exec-1] c.l.w.weblog.map.UserMapper.getUserById  : ==> Parameters: 42763875(Long)
2019-07-20 00:50:17.949 DEBUG 20292 --- [http-nio-8080-exec-1] c.l.w.weblog.map.UserMapper.getUserById  : <==      Total: 1
2019-07-20 00:50:17.950 DEBUG 20292 --- [http-nio-8080-exec-1] c.l.w.weblog.map.UserMapper.getUserById  : ==>  Preparing: SELECT * FROM user WHERE acount_id = ? 
2019-07-20 00:50:17.950 DEBUG 20292 --- [http-nio-8080-exec-1] c.l.w.weblog.map.UserMapper.getUserById  : ==> Parameters: 42763875(Long)
2019-07-20 00:50:17.951 DEBUG 20292 --- [http-nio-8080-exec-1] c.l.w.weblog.map.UserMapper.getUserById  : <==      Total: 1
2019-07-20 00:50:17.952 DEBUG 20292 --- [http-nio-8080-exec-1] c.l.w.weblog.map.UserMapper.getUserById  : ==>  Preparing: SELECT * FROM user WHERE acount_id = ? 
2019-07-20 00:50:17.952 DEBUG 20292 --- [http-nio-8080-exec-1] c.l.w.weblog.map.UserMapper.getUserById  : ==> Parameters: 42763875(Long)
2019-07-20 00:50:17.953 DEBUG 20292 --- [http-nio-8080-exec-1] c.l.w.weblog.map.UserMapper.getUserById  : <==      Total: 1
2019-07-20 00:50:17.954 DEBUG 20292 --- [http-nio-8080-exec-1] c.l.w.weblog.map.UserMapper.getUserById  : ==>  Preparing: SELECT * FROM user WHERE acount_id = ? 
2019-07-20 00:50:17.954 DEBUG 20292 --- [http-nio-8080-exec-1] c.l.w.weblog.map.UserMapper.getUserById  : ==> Parameters: 42763875(Long)
2019-07-20 00:50:17.955 DEBUG 20292 --- [http-nio-8080-exec-1] c.l.w.weblog.map.UserMapper.getUserById  : <==      Total: 1
2019-07-20 00:50:17.956 DEBUG 20292 --- [http-nio-8080-exec-1] c.l.weblog.weblog.map.QuestionMap.count  : ==>  Preparing: select count(*) from question 
2019-07-20 00:50:17.956 DEBUG 20292 --- [http-nio-8080-exec-1] c.l.weblog.weblog.map.QuestionMap.count  : ==> Parameters: 
2019-07-20 00:50:17.959 DEBUG 20292 --- [http-nio-8080-exec-1] c.l.weblog.weblog.map.QuestionMap.count  : <==      Total: 1
2019-07-20 00:50:36.859 DEBUG 20292 --- [http-nio-8080-exec-7] c.l.w.w.map.QuestionMap.findAllQuestion  : ==>  Preparing: SELECT * FROM question ORDER BY gmt_create DESC LIMIT ?,? 
2019-07-20 00:50:36.859 DEBUG 20292 --- [http-nio-8080-exec-7] c.l.w.w.map.QuestionMap.findAllQuestion  : ==> Parameters: 0(Integer), 7(Integer)
2019-07-20 00:50:36.861 DEBUG 20292 --- [http-nio-8080-exec-7] c.l.w.w.map.QuestionMap.findAllQuestion  : <==      Total: 6
2019-07-20 00:50:36.862 DEBUG 20292 --- [http-nio-8080-exec-7] c.l.w.weblog.map.UserMapper.getUserById  : ==>  Preparing: SELECT * FROM user WHERE acount_id = ? 
2019-07-20 00:50:36.862 DEBUG 20292 --- [http-nio-8080-exec-7] c.l.w.weblog.map.UserMapper.getUserById  : ==> Parameters: 53042534(Long)
2019-07-20 00:50:36.864 DEBUG 20292 --- [http-nio-8080-exec-7] c.l.w.weblog.map.UserMapper.getUserById  : <==      Total: 1
2019-07-20 00:50:36.865 DEBUG 20292 --- [http-nio-8080-exec-7] c.l.w.weblog.map.UserMapper.getUserById  : ==>  Preparing: SELECT * FROM user WHERE acount_id = ? 
2019-07-20 00:50:36.865 DEBUG 20292 --- [http-nio-8080-exec-7] c.l.w.weblog.map.UserMapper.getUserById  : ==> Parameters: 42763875(Long)
2019-07-20 00:50:36.867 DEBUG 20292 --- [http-nio-8080-exec-7] c.l.w.weblog.map.UserMapper.getUserById  : <==      Total: 1
2019-07-20 00:50:36.869 DEBUG 20292 --- [http-nio-8080-exec-7] c.l.w.weblog.map.UserMapper.getUserById  : ==>  Preparing: SELECT * FROM user WHERE acount_id = ? 
2019-07-20 00:50:36.869 DEBUG 20292 --- [http-nio-8080-exec-7] c.l.w.weblog.map.UserMapper.getUserById  : ==> Parameters: 42763875(Long)
2019-07-20 00:50:36.870 DEBUG 20292 --- [http-nio-8080-exec-7] c.l.w.weblog.map.UserMapper.getUserById  : <==      Total: 1
2019-07-20 00:50:36.871 DEBUG 20292 --- [http-nio-8080-exec-7] c.l.w.weblog.map.UserMapper.getUserById  : ==>  Preparing: SELECT * FROM user WHERE acount_id = ? 
2019-07-20 00:50:36.871 DEBUG 20292 --- [http-nio-8080-exec-7] c.l.w.weblog.map.UserMapper.getUserById  : ==> Parameters: 42763875(Long)
2019-07-20 00:50:36.873 DEBUG 20292 --- [http-nio-8080-exec-7] c.l.w.weblog.map.UserMapper.getUserById  : <==      Total: 1
2019-07-20 00:50:36.874 DEBUG 20292 --- [http-nio-8080-exec-7] c.l.w.weblog.map.UserMapper.getUserById  : ==>  Preparing: SELECT * FROM user WHERE acount_id = ? 
2019-07-20 00:50:36.875 DEBUG 20292 --- [http-nio-8080-exec-7] c.l.w.weblog.map.UserMapper.getUserById  : ==> Parameters: 42763875(Long)
2019-07-20 00:50:36.876 DEBUG 20292 --- [http-nio-8080-exec-7] c.l.w.weblog.map.UserMapper.getUserById  : <==      Total: 1
2019-07-20 00:50:36.876 DEBUG 20292 --- [http-nio-8080-exec-7] c.l.w.weblog.map.UserMapper.getUserById  : ==>  Preparing: SELECT * FROM user WHERE acount_id = ? 
2019-07-20 00:50:36.877 DEBUG 20292 --- [http-nio-8080-exec-7] c.l.w.weblog.map.UserMapper.getUserById  : ==> Parameters: 42763875(Long)
2019-07-20 00:50:36.879 DEBUG 20292 --- [http-nio-8080-exec-7] c.l.w.weblog.map.UserMapper.getUserById  : <==      Total: 1
2019-07-20 00:50:36.879 DEBUG 20292 --- [http-nio-8080-exec-7] c.l.weblog.weblog.map.QuestionMap.count  : ==>  Preparing: select count(*) from question 
2019-07-20 00:50:36.880 DEBUG 20292 --- [http-nio-8080-exec-7] c.l.weblog.weblog.map.QuestionMap.count  : ==> Parameters: 
2019-07-20 00:50:36.884 DEBUG 20292 --- [http-nio-8080-exec-7] c.l.weblog.weblog.map.QuestionMap.count  : <==      Total: 1
2019-07-20 00:50:37.888 DEBUG 20292 --- [http-nio-8080-exec-8] c.l.w.w.m.QuestionMap.findQUestionById   : ==>  Preparing: SELECT * FROM question WHERE id = ? 
2019-07-20 00:50:37.889 DEBUG 20292 --- [http-nio-8080-exec-8] c.l.w.w.m.QuestionMap.findQUestionById   : ==> Parameters: 30(Integer)
2019-07-20 00:50:37.896 DEBUG 20292 --- [http-nio-8080-exec-8] c.l.w.w.m.QuestionMap.findQUestionById   : <==      Total: 1
2019-07-20 00:50:37.897 DEBUG 20292 --- [http-nio-8080-exec-8] c.l.w.weblog.map.UserMapper.getUserById  : ==>  Preparing: SELECT * FROM user WHERE acount_id = ? 
2019-07-20 00:50:37.898 DEBUG 20292 --- [http-nio-8080-exec-8] c.l.w.weblog.map.UserMapper.getUserById  : ==> Parameters: 53042534(Long)
2019-07-20 00:50:37.900 DEBUG 20292 --- [http-nio-8080-exec-8] c.l.w.weblog.map.UserMapper.getUserById  : <==      Total: 1
2019-07-20 00:50:37.939 DEBUG 20292 --- [http-nio-8080-exec-8] c.l.w.w.m.CommentMapper.selectByExample  : ==>  Preparing: select id, parent_id, commentor_id, gmt_create, gmt_modified, like_count, type, content from comment WHERE ( parent_id = ? and type = ? ) order by gmt_create desc 
2019-07-20 00:50:37.939 DEBUG 20292 --- [http-nio-8080-exec-8] c.l.w.w.m.CommentMapper.selectByExample  : ==> Parameters: 30(Integer), 1(Integer)
2019-07-20 00:50:37.944 DEBUG 20292 --- [http-nio-8080-exec-8] c.l.w.w.m.CommentMapper.selectByExample  : <==      Total: 2
2019-07-20 00:50:37.945 DEBUG 20292 --- [http-nio-8080-exec-8] c.l.w.weblog.map.UserMapper.getUserById  : ==>  Preparing: SELECT * FROM user WHERE acount_id = ? 
2019-07-20 00:50:37.946 DEBUG 20292 --- [http-nio-8080-exec-8] c.l.w.weblog.map.UserMapper.getUserById  : ==> Parameters: 53042534(Long)
2019-07-20 00:50:37.947 DEBUG 20292 --- [http-nio-8080-exec-8] c.l.w.weblog.map.UserMapper.getUserById  : <==      Total: 1
2019-07-20 00:50:37.948 DEBUG 20292 --- [http-nio-8080-exec-8] c.l.w.weblog.map.UserMapper.getUserById  : ==>  Preparing: SELECT * FROM user WHERE acount_id = ? 
2019-07-20 00:50:37.948 DEBUG 20292 --- [http-nio-8080-exec-8] c.l.w.weblog.map.UserMapper.getUserById  : ==> Parameters: 42763875(Long)
2019-07-20 00:50:37.949 DEBUG 20292 --- [http-nio-8080-exec-8] c.l.w.weblog.map.UserMapper.getUserById  : <==      Total: 1
2019-07-20 00:50:37.950 DEBUG 20292 --- [http-nio-8080-exec-8] c.l.w.weblog.map.QuestionMap.incView     : ==>  Preparing: UPDATE question SET view_count = view_count+1 WHERE id =? 
2019-07-20 00:50:37.950 DEBUG 20292 --- [http-nio-8080-exec-8] c.l.w.weblog.map.QuestionMap.incView     : ==> Parameters: 30(Integer)
2019-07-20 00:50:37.988 DEBUG 20292 --- [http-nio-8080-exec-8] c.l.w.weblog.map.QuestionMap.incView     : <==    Updates: 1
2019-07-20 00:50:37.988 DEBUG 20292 --- [http-nio-8080-exec-8] c.l.w.w.m.QuestionMap.findQUestionById   : ==>  Preparing: SELECT * FROM question WHERE id = ? 
2019-07-20 00:50:37.989 DEBUG 20292 --- [http-nio-8080-exec-8] c.l.w.w.m.QuestionMap.findQUestionById   : ==> Parameters: 30(Integer)
2019-07-20 00:50:37.990 DEBUG 20292 --- [http-nio-8080-exec-8] c.l.w.w.m.QuestionMap.findQUestionById   : <==      Total: 1
2019-07-20 00:50:37.991 DEBUG 20292 --- [http-nio-8080-exec-8] c.l.w.w.m.QuestionMap.findQUestionByTag  : ==>  Preparing: select * from question where tag regexp ? and id != ? order by view_count desc limit 0,10 
2019-07-20 00:50:37.991 DEBUG 20292 --- [http-nio-8080-exec-8] c.l.w.w.m.QuestionMap.findQUestionByTag  : ==> Parameters: java(String), 30(Integer)
2019-07-20 00:50:38.014 DEBUG 20292 --- [http-nio-8080-exec-8] c.l.w.w.m.QuestionMap.findQUestionByTag  : <==      Total: 4
2019-07-20 00:51:05.912  INFO 20292 --- [Thread-13] o.s.s.concurrent.ThreadPoolTaskExecutor  : Shutting down ExecutorService 'applicationTaskExecutor'
2019-07-20 00:51:05.913  INFO 20292 --- [Thread-13] com.zaxxer.hikari.HikariDataSource       : HikariPool-1 - Shutdown initiated...
2019-07-20 00:51:05.922  INFO 20292 --- [Thread-13] com.zaxxer.hikari.HikariDataSource       : HikariPool-1 - Shutdown completed.
